[10-Nov-2014 11:13:43 America/Mexico_City] SQLSTATE[42S22]: [Microsoft][SQL Server Native Client 11.0][SQL Server]El nombre de columna 'InvID' no es válido.
[11-Nov-2014 09:32:45 America/Mexico_City] SQLSTATE[42S22]: [Microsoft][SQL Server Native Client 11.0][SQL Server]El nombre de columna 'code' no es válido.
[11-Nov-2014 09:35:43 America/Mexico_City] 395
[11-Nov-2014 09:44:18 America/Mexico_City] 333
[11-Nov-2014 09:46:43 America/Mexico_City] 593
[11-Nov-2014 10:07:27 America/Mexico_City] 593
[11-Nov-2014 10:11:18 America/Mexico_City] 593
[11-Nov-2014 10:24:21 America/Mexico_City] 593
[11-Nov-2014 10:27:07 America/Mexico_City] 593
[11-Nov-2014 10:30:45 America/Mexico_City] 333
[11-Nov-2014 10:33:57 America/Mexico_City] 333
[11-Nov-2014 10:36:08 America/Mexico_City] 333
[16-Dec-2014 10:11:24 America/Mexico_City] 333
[16-Dec-2014 10:44:01 America/Mexico_City] 333
[16-Dec-2014 10:49:17 America/Mexico_City] 333
[16-Dec-2014 10:56:19 America/Mexico_City] 333
[16-Dec-2014 11:00:05 America/Mexico_City] 322
[16-Dec-2014 11:32:42 America/Mexico_City] 333
[16-Dec-2014 11:51:06 America/Mexico_City] 333
[17-Dec-2014 10:11:35 America/Mexico_City] 333
[17-Dec-2014 10:11:58 America/Mexico_City] 333
[17-Dec-2014 10:12:15 America/Mexico_City] 333
[17-Dec-2014 10:19:01 America/Mexico_City] 333
[06-Jan-2015 09:23:59 America/Mexico_City] 333
[06-Jan-2015 09:31:21 America/Mexico_City] 333
[06-Jan-2015 09:36:54 America/Mexico_City] 333
[06-Jan-2015 09:41:23 America/Mexico_City] 333
[06-Jan-2015 09:52:14 America/Mexico_City] 333
[06-Jan-2015 09:56:26 America/Mexico_City] 333
[07-Jan-2015 09:06:09 America/Mexico_City] 333
[07-Jan-2015 09:11:06 America/Mexico_City] 333
[07-Jan-2015 09:29:06 America/Mexico_City] 333
[07-Jan-2015 09:40:23 America/Mexico_City] 333
[22-Apr-2015 11:18:42 America/Mexico_City] SQLSTATE[42000]: [Microsoft][SQL Server Native Client 11.0][SQL Server]No se encontró el procedimiento almacenado 'spThoValidaPwdPick'.
[22-Apr-2015 11:50:53 America/Mexico_City] 385
[22-Apr-2015 12:06:00 America/Mexico_City] 187
[30-Apr-2015 12:07:39 America/Mexico_City] 187
[30-Apr-2015 12:12:51 America/Mexico_City] 187
[30-Apr-2015 12:30:14 America/Mexico_City] 187
[04-May-2015 09:48:32 America/Mexico_City] 187
[04-May-2015 10:14:54 America/Mexico_City] 187
[04-May-2015 11:35:52 America/Mexico_City] 187
[05-May-2015 10:49:36 America/Mexico_City] 187
[17-Jun-2015 09:59:00 America/Mexico_City] 14
[17-Jun-2015 10:03:29 America/Mexico_City] 14
[17-Jun-2015 17:16:38 America/Mexico_City] 14
[17-Jun-2015 17:44:49 America/Mexico_City] PHP Parse error:  syntax error, unexpected '$host' (T_VARIABLE) in C:\inetpub\wwwroot\HolaMundoWs\LeeWs\Bellisima\pickingLiverpool\php\db\config.php on line 6
[17-Jun-2015 17:45:08 America/Mexico_City] PHP Parse error:  syntax error, unexpected '$host' (T_VARIABLE) in C:\inetpub\wwwroot\HolaMundoWs\LeeWs\Bellisima\pickingLiverpool\php\db\config.php on line 6
[17-Jun-2015 17:46:12 America/Mexico_City] PHP Parse error:  syntax error, unexpected '$host' (T_VARIABLE) in C:\inetpub\wwwroot\HolaMundoWs\LeeWs\Bellisima\pickingLiverpool\php\db\config.php on line 6
[17-Jun-2015 17:46:19 America/Mexico_City] PHP Parse error:  syntax error, unexpected '$host' (T_VARIABLE) in C:\inetpub\wwwroot\HolaMundoWs\LeeWs\Bellisima\pickingLiverpool\php\db\config.php on line 6
[17-Jun-2015 17:47:07 America/Mexico_City] 14
[17-Jun-2015 17:48:07 America/Mexico_City] 1
[17-Jun-2015 17:57:43 America/Mexico_City] 14
[01-Sep-2015 09:25:06 America/Mexico_City] 1
[01-Sep-2015 09:25:59 America/Mexico_City] PHP Notice:  Undefined index: movID in C:\inetpub\wwwroot\HolaMundoWs\LeeWs\Bellisima\pickingLiverpool\php\db\saveOrder.php on line 9
[01-Sep-2015 09:28:56 America/Mexico_City] 1
[07-Sep-2015 09:24:49 America/Mexico_City] 497
[07-Sep-2015 09:27:09 America/Mexico_City] 1
[07-Sep-2015 09:31:35 America/Mexico_City] PHP Parse error:  syntax error, unexpected '$handle' (T_VARIABLE) in C:\inetpub\wwwroot\HolaMundoWs\LeeWs\Bellisima\pickingLiverpool\php\db\getOrder2.php on line 23
[07-Sep-2015 09:31:51 America/Mexico_City] PHP Parse error:  syntax error, unexpected '$handle' (T_VARIABLE) in C:\inetpub\wwwroot\HolaMundoWs\LeeWs\Bellisima\pickingLiverpool\php\db\getOrder2.php on line 23
[07-Sep-2015 09:32:34 America/Mexico_City] PHP Fatal error:  Cannot pass parameter 2 by reference in C:\inetpub\wwwroot\HolaMundoWs\LeeWs\Bellisima\pickingLiverpool\php\db\getOrder2.php on line 22
[07-Sep-2015 12:13:49 America/Mexico_City] 1
[07-Sep-2015 12:21:50 America/Mexico_City] 1
[07-Sep-2015 12:31:15 America/Mexico_City] 29
[07-Sep-2015 12:32:30 America/Mexico_City] 29
[07-Sep-2015 12:37:23 America/Mexico_City] 2
[07-Sep-2015 17:58:13 America/Mexico_City] 2
[07-Sep-2015 18:03:07 America/Mexico_City] 2
[17-Sep-2015 17:38:24 America/Mexico_City] 1
